\BOOKMARK [0][-]{chapter.1}{The Sieve of Eratosthenes in contact}{}% 1
\BOOKMARK [0][-]{chapter.1}{Antonio Natali}{}% 2
\BOOKMARK [1][-]{section.1.1}{Introductionn}{chapter.1}% 3
\BOOKMARK [2][-]{subsection.1.1.1}{Overview}{section.1.1}% 4
\BOOKMARK [2][-]{subsection.1.1.2}{The system 'Sieve of Eratosthenes' }{section.1.1}% 5
\BOOKMARK [1][-]{section.1.2}{An object-based model of the sieve system}{chapter.1}% 6
\BOOKMARK [2][-]{subsection.1.2.1}{OO \(domain\) model}{section.1.2}% 7
\BOOKMARK [3][-]{section*.2}{FilterCore and FilterObj.}{subsection.1.2.1}% 8
\BOOKMARK [1][-]{section.1.3}{From the oo sieve system to a first distributed system}{chapter.1}% 9
\BOOKMARK [2][-]{subsection.1.3.1}{Logic architecture: structure and interaction}{section.1.3}% 10
\BOOKMARK [3][-]{section*.3}{Modelling application message content.}{subsection.1.3.1}% 11
\BOOKMARK [2][-]{subsection.1.3.2}{Re-factoring the models of the domain data}{section.1.3}% 12
\BOOKMARK [3][-]{section*.4}{Natural numbers.}{subsection.1.3.2}% 13
\BOOKMARK [3][-]{section*.5}{Prime numbers.}{subsection.1.3.2}% 14
\BOOKMARK [3][-]{section*.6}{FilterCore.}{subsection.1.3.2}% 15
\BOOKMARK [3][-]{section*.7}{IntGenCore.}{subsection.1.3.2}% 16
\BOOKMARK [2][-]{subsection.1.3.3}{The first prototype \(integration plan\)}{section.1.3}% 17
\BOOKMARK [2][-]{subsection.1.3.4}{Behavior of the subject intGen}{section.1.3}% 18
\BOOKMARK [2][-]{subsection.1.3.5}{Behavior of the subject sieve}{section.1.3}% 19
\BOOKMARK [2][-]{subsection.1.3.6}{Behavior of the subject filter2}{section.1.3}% 20
\BOOKMARK [2][-]{subsection.1.3.7}{Behavior of the subject class FilterN}{section.1.3}% 21
\BOOKMARK [2][-]{subsection.1.3.8}{Dynamic creation of objects}{section.1.3}% 22
\BOOKMARK [1][-]{section.1.4}{Towards a \(full\) distributed sieve system}{chapter.1}% 23
\BOOKMARK [2][-]{subsection.1.4.1}{Logic architecture: structure and interaction}{section.1.4}% 24
\BOOKMARK [2][-]{subsection.1.4.2}{The first prototype \(integration plan\)}{section.1.4}% 25
\BOOKMARK [2][-]{subsection.1.4.3}{Behavior of the subject intGen}{section.1.4}% 26
\BOOKMARK [2][-]{subsection.1.4.4}{Behavior of the subject sieve}{section.1.4}% 27
\BOOKMARK [2][-]{subsection.1.4.5}{Behavior of the subject filter2}{section.1.4}% 28
\BOOKMARK [2][-]{subsection.1.4.6}{Behavior of the subject class FilterN}{section.1.4}% 29
\BOOKMARK [2][-]{subsection.1.4.7}{Dynamic reconfiguration of contact systems }{section.1.4}% 30
\BOOKMARK [2][-]{subsection.1.4.8}{Filter pool}{section.1.4}% 31
\BOOKMARK [1][-]{section.1.5}{The sieve system with an user}{chapter.1}% 32
\BOOKMARK [2][-]{section*.8}{Modelling application message content.}{section.1.5}% 33
\BOOKMARK [2][-]{subsection.1.5.1}{Workplan}{section.1.5}% 34
\BOOKMARK [1][-]{section.1.6}{The sieve with an observer}{chapter.1}% 35
\BOOKMARK [1][-]{section.1.7}{Reliability of Local Message Sends}{chapter.1}% 36
